Compiling the C compiler identification source file "CMakeCCompilerId.c" failed.
Compiler:  
Build flags: 
Id flags:  

The output was:
1
Microsoft (R) 生成引擎版本 14.0.25420.1
版权所有(C) Microsoft Corporation。保留所有权利。

生成启动时间为 2020/12/4 14:34:26。
节点 1 上的项目“F:\glfw-3.3.2\build\CMakeFiles\3.19.1\CompilerIdC\CompilerIdC.vcxproj”(默认目标)。
PrepareForBuild:
  正在创建目录“Debug\”。
  正在创建目录“Debug\CompilerIdC.tlog\”。
InitializeBuildStatus:
  正在创建“Debug\CompilerIdC.tlog\unsuccessfulbuild”，因为已指定“AlwaysCreate”。
ClCompile:
  CL.exe /c /nologo /W0 /WX- /Od /Oy- /D _MBCS /Gm- /EHsc /RTC1 /MDd /GS /fp:precise /Zc:wchar_t /Zc:forScope /Zc:inline /Fo"Debug\\" /Fd"Debug\vc140.pdb" /Gd /TC /analyze- /errorReport:queue CMakeCCompilerId.c
  TRACKER : 错误 TRK0005: 未能找到: “CL.exe”。系统找不到指定的文件。
  
  
C:\Program Files (x86)\MSBuild\Microsoft.Cpp\v4.0\V140\Microsoft.CppCommon.targets(356,5): error MSB6006: “CL.exe”已退出，代码为 5。 [F:\glfw-3.3.2\build\CMakeFiles\3.19.1\CompilerIdC\CompilerIdC.vcxproj]
已完成生成项目“F:\glfw-3.3.2\build\CMakeFiles\3.19.1\CompilerIdC\CompilerIdC.vcxproj”(默认目标)的操作 - 失败。

生成失败。

“F:\glfw-3.3.2\build\CMakeFiles\3.19.1\CompilerIdC\CompilerIdC.vcxproj”(默认目标) (1) ->
(ClCompile 目标) -> 
  C:\Program Files (x86)\MSBuild\Microsoft.Cpp\v4.0\V140\Microsoft.CppCommon.targets(356,5): error MSB6006: “CL.exe”已退出，代码为 5。 [F:\glfw-3.3.2\build\CMakeFiles\3.19.1\CompilerIdC\CompilerIdC.vcxproj]

    0 个警告
    1 个错误

已用时间 00:00:00.42


Compiling the C compiler identification source file "CMakeCCompilerId.c" failed.
Compiler:  
Build flags: 
Id flags:  

The output was:
1
Microsoft (R) 生成引擎版本 14.0.25420.1
版权所有(C) Microsoft Corporation。保留所有权利。

生成启动时间为 2020/12/4 14:34:27。
节点 1 上的项目“F:\glfw-3.3.2\build\CMakeFiles\3.19.1\CompilerIdC\CompilerIdC.vcxproj”(默认目标)。
PrepareForBuild:
  正在创建目录“Debug\”。
  正在创建目录“Debug\CompilerIdC.tlog\”。
InitializeBuildStatus:
  正在创建“Debug\CompilerIdC.tlog\unsuccessfulbuild”，因为已指定“AlwaysCreate”。
ClCompile:
  CL.exe /c /nologo /W0 /WX- /Od /Oy- /D _MBCS /Gm- /EHsc /RTC1 /MDd /GS /fp:precise /Zc:wchar_t /Zc:forScope /Zc:inline /Fo"Debug\\" /Fd"Debug\vc140.pdb" /Gd /TC /analyze- /errorReport:queue CMakeCCompilerId.c
  TRACKER : 错误 TRK0005: 未能找到: “CL.exe”。系统找不到指定的文件。
  
  
C:\Program Files (x86)\MSBuild\Microsoft.Cpp\v4.0\V140\Microsoft.CppCommon.targets(356,5): error MSB6006: “CL.exe”已退出，代码为 5。 [F:\glfw-3.3.2\build\CMakeFiles\3.19.1\CompilerIdC\CompilerIdC.vcxproj]
已完成生成项目“F:\glfw-3.3.2\build\CMakeFiles\3.19.1\CompilerIdC\CompilerIdC.vcxproj”(默认目标)的操作 - 失败。

生成失败。

“F:\glfw-3.3.2\build\CMakeFiles\3.19.1\CompilerIdC\CompilerIdC.vcxproj”(默认目标) (1) ->
(ClCompile 目标) -> 
  C:\Program Files (x86)\MSBuild\Microsoft.Cpp\v4.0\V140\Microsoft.CppCommon.targets(356,5): error MSB6006: “CL.exe”已退出，代码为 5。 [F:\glfw-3.3.2\build\CMakeFiles\3.19.1\CompilerIdC\CompilerIdC.vcxproj]

    0 个警告
    1 个错误

已用时间 00:00:00.27


Compiling the C compiler identification source file "CMakeCCompilerId.c" failed.
Compiler:  
Build flags: 
Id flags:  

The output was:
1
Microsoft (R) 生成引擎版本 14.0.25420.1
版权所有(C) Microsoft Corporation。保留所有权利。

生成启动时间为 2020/12/4 14:36:25。
节点 1 上的项目“F:\glfw-3.3.2\build\CMakeFiles\3.19.1\CompilerIdC\CompilerIdC.vcxproj”(默认目标)。
PrepareForBuild:
  正在创建目录“Debug\”。
  正在创建目录“Debug\CompilerIdC.tlog\”。
InitializeBuildStatus:
  正在创建“Debug\CompilerIdC.tlog\unsuccessfulbuild”，因为已指定“AlwaysCreate”。
ClCompile:
  CL.exe /c /nologo /W0 /WX- /Od /Oy- /D _MBCS /Gm- /EHsc /RTC1 /MDd /GS /fp:precise /Zc:wchar_t /Zc:forScope /Zc:inline /Fo"Debug\\" /Fd"Debug\vc140.pdb" /Gd /TC /analyze- /errorReport:queue CMakeCCompilerId.c
  TRACKER : 错误 TRK0005: 未能找到: “CL.exe”。系统找不到指定的文件。
  
  
C:\Program Files (x86)\MSBuild\Microsoft.Cpp\v4.0\V140\Microsoft.CppCommon.targets(356,5): error MSB6006: “CL.exe”已退出，代码为 5。 [F:\glfw-3.3.2\build\CMakeFiles\3.19.1\CompilerIdC\CompilerIdC.vcxproj]
已完成生成项目“F:\glfw-3.3.2\build\CMakeFiles\3.19.1\CompilerIdC\CompilerIdC.vcxproj”(默认目标)的操作 - 失败。

生成失败。

“F:\glfw-3.3.2\build\CMakeFiles\3.19.1\CompilerIdC\CompilerIdC.vcxproj”(默认目标) (1) ->
(ClCompile 目标) -> 
  C:\Program Files (x86)\MSBuild\Microsoft.Cpp\v4.0\V140\Microsoft.CppCommon.targets(356,5): error MSB6006: “CL.exe”已退出，代码为 5。 [F:\glfw-3.3.2\build\CMakeFiles\3.19.1\CompilerIdC\CompilerIdC.vcxproj]

    0 个警告
    1 个错误

已用时间 00:00:00.28


Compiling the C compiler identification source file "CMakeCCompilerId.c" failed.
Compiler:  
Build flags: 
Id flags:  

The output was:
1
Microsoft (R) 生成引擎版本 14.0.25420.1
版权所有(C) Microsoft Corporation。保留所有权利。

生成启动时间为 2020/12/4 14:36:25。
节点 1 上的项目“F:\glfw-3.3.2\build\CMakeFiles\3.19.1\CompilerIdC\CompilerIdC.vcxproj”(默认目标)。
PrepareForBuild:
  正在创建目录“Debug\”。
  正在创建目录“Debug\CompilerIdC.tlog\”。
InitializeBuildStatus:
  正在创建“Debug\CompilerIdC.tlog\unsuccessfulbuild”，因为已指定“AlwaysCreate”。
ClCompile:
  CL.exe /c /nologo /W0 /WX- /Od /Oy- /D _MBCS /Gm- /EHsc /RTC1 /MDd /GS /fp:precise /Zc:wchar_t /Zc:forScope /Zc:inline /Fo"Debug\\" /Fd"Debug\vc140.pdb" /Gd /TC /analyze- /errorReport:queue CMakeCCompilerId.c
  TRACKER : 错误 TRK0005: 未能找到: “CL.exe”。系统找不到指定的文件。
  
  
C:\Program Files (x86)\MSBuild\Microsoft.Cpp\v4.0\V140\Microsoft.CppCommon.targets(356,5): error MSB6006: “CL.exe”已退出，代码为 5。 [F:\glfw-3.3.2\build\CMakeFiles\3.19.1\CompilerIdC\CompilerIdC.vcxproj]
已完成生成项目“F:\glfw-3.3.2\build\CMakeFiles\3.19.1\CompilerIdC\CompilerIdC.vcxproj”(默认目标)的操作 - 失败。

生成失败。

“F:\glfw-3.3.2\build\CMakeFiles\3.19.1\CompilerIdC\CompilerIdC.vcxproj”(默认目标) (1) ->
(ClCompile 目标) -> 
  C:\Program Files (x86)\MSBuild\Microsoft.Cpp\v4.0\V140\Microsoft.CppCommon.targets(356,5): error MSB6006: “CL.exe”已退出，代码为 5。 [F:\glfw-3.3.2\build\CMakeFiles\3.19.1\CompilerIdC\CompilerIdC.vcxproj]

    0 个警告
    1 个错误

已用时间 00:00:00.27


Compiling the C compiler identification source file "CMakeCCompilerId.c" failed.
Compiler:  
Build flags: 
Id flags:  

The output was:
1
Microsoft (R) 生成引擎版本 14.0.25420.1
版权所有(C) Microsoft Corporation。保留所有权利。

生成启动时间为 2020/12/4 14:36:32。
节点 1 上的项目“F:\glfw-3.3.2\build\CMakeFiles\3.19.1\CompilerIdC\CompilerIdC.vcxproj”(默认目标)。
PrepareForBuild:
  正在创建目录“Debug\”。
  正在创建目录“Debug\CompilerIdC.tlog\”。
InitializeBuildStatus:
  正在创建“Debug\CompilerIdC.tlog\unsuccessfulbuild”，因为已指定“AlwaysCreate”。
ClCompile:
  CL.exe /c /nologo /W0 /WX- /Od /Oy- /D _MBCS /Gm- /EHsc /RTC1 /MDd /GS /fp:precise /Zc:wchar_t /Zc:forScope /Zc:inline /Fo"Debug\\" /Fd"Debug\vc140.pdb" /Gd /TC /analyze- /errorReport:queue CMakeCCompilerId.c
  TRACKER : 错误 TRK0005: 未能找到: “CL.exe”。系统找不到指定的文件。
  
  
C:\Program Files (x86)\MSBuild\Microsoft.Cpp\v4.0\V140\Microsoft.CppCommon.targets(356,5): error MSB6006: “CL.exe”已退出，代码为 5。 [F:\glfw-3.3.2\build\CMakeFiles\3.19.1\CompilerIdC\CompilerIdC.vcxproj]
已完成生成项目“F:\glfw-3.3.2\build\CMakeFiles\3.19.1\CompilerIdC\CompilerIdC.vcxproj”(默认目标)的操作 - 失败。

生成失败。

“F:\glfw-3.3.2\build\CMakeFiles\3.19.1\CompilerIdC\CompilerIdC.vcxproj”(默认目标) (1) ->
(ClCompile 目标) -> 
  C:\Program Files (x86)\MSBuild\Microsoft.Cpp\v4.0\V140\Microsoft.CppCommon.targets(356,5): error MSB6006: “CL.exe”已退出，代码为 5。 [F:\glfw-3.3.2\build\CMakeFiles\3.19.1\CompilerIdC\CompilerIdC.vcxproj]

    0 个警告
    1 个错误

已用时间 00:00:00.29


Compiling the C compiler identification source file "CMakeCCompilerId.c" failed.
Compiler:  
Build flags: 
Id flags:  

The output was:
1
Microsoft (R) 生成引擎版本 14.0.25420.1
版权所有(C) Microsoft Corporation。保留所有权利。

生成启动时间为 2020/12/4 14:36:32。
节点 1 上的项目“F:\glfw-3.3.2\build\CMakeFiles\3.19.1\CompilerIdC\CompilerIdC.vcxproj”(默认目标)。
PrepareForBuild:
  正在创建目录“Debug\”。
  正在创建目录“Debug\CompilerIdC.tlog\”。
InitializeBuildStatus:
  正在创建“Debug\CompilerIdC.tlog\unsuccessfulbuild”，因为已指定“AlwaysCreate”。
ClCompile:
  CL.exe /c /nologo /W0 /WX- /Od /Oy- /D _MBCS /Gm- /EHsc /RTC1 /MDd /GS /fp:precise /Zc:wchar_t /Zc:forScope /Zc:inline /Fo"Debug\\" /Fd"Debug\vc140.pdb" /Gd /TC /analyze- /errorReport:queue CMakeCCompilerId.c
  TRACKER : 错误 TRK0005: 未能找到: “CL.exe”。系统找不到指定的文件。
  
  
C:\Program Files (x86)\MSBuild\Microsoft.Cpp\v4.0\V140\Microsoft.CppCommon.targets(356,5): error MSB6006: “CL.exe”已退出，代码为 5。 [F:\glfw-3.3.2\build\CMakeFiles\3.19.1\CompilerIdC\CompilerIdC.vcxproj]
已完成生成项目“F:\glfw-3.3.2\build\CMakeFiles\3.19.1\CompilerIdC\CompilerIdC.vcxproj”(默认目标)的操作 - 失败。

生成失败。

“F:\glfw-3.3.2\build\CMakeFiles\3.19.1\CompilerIdC\CompilerIdC.vcxproj”(默认目标) (1) ->
(ClCompile 目标) -> 
  C:\Program Files (x86)\MSBuild\Microsoft.Cpp\v4.0\V140\Microsoft.CppCommon.targets(356,5): error MSB6006: “CL.exe”已退出，代码为 5。 [F:\glfw-3.3.2\build\CMakeFiles\3.19.1\CompilerIdC\CompilerIdC.vcxproj]

    0 个警告
    1 个错误

已用时间 00:00:00.28


Compiling the C compiler identification source file "CMakeCCompilerId.c" failed.
Compiler:  
Build flags: 
Id flags:  

The output was:
1
Microsoft (R) 生成引擎版本 14.0.25420.1
版权所有(C) Microsoft Corporation。保留所有权利。

生成启动时间为 2020/12/4 14:36:36。
节点 1 上的项目“F:\glfw-3.3.2\build\CMakeFiles\3.19.1\CompilerIdC\CompilerIdC.vcxproj”(默认目标)。
PrepareForBuild:
  正在创建目录“Debug\”。
  正在创建目录“Debug\CompilerIdC.tlog\”。
InitializeBuildStatus:
  正在创建“Debug\CompilerIdC.tlog\unsuccessfulbuild”，因为已指定“AlwaysCreate”。
ClCompile:
  CL.exe /c /nologo /W0 /WX- /Od /Oy- /D _MBCS /Gm- /EHsc /RTC1 /MDd /GS /fp:precise /Zc:wchar_t /Zc:forScope /Zc:inline /Fo"Debug\\" /Fd"Debug\vc140.pdb" /Gd /TC /analyze- /errorReport:queue CMakeCCompilerId.c
  TRACKER : 错误 TRK0005: 未能找到: “CL.exe”。系统找不到指定的文件。
  
  
C:\Program Files (x86)\MSBuild\Microsoft.Cpp\v4.0\V140\Microsoft.CppCommon.targets(356,5): error MSB6006: “CL.exe”已退出，代码为 5。 [F:\glfw-3.3.2\build\CMakeFiles\3.19.1\CompilerIdC\CompilerIdC.vcxproj]
已完成生成项目“F:\glfw-3.3.2\build\CMakeFiles\3.19.1\CompilerIdC\CompilerIdC.vcxproj”(默认目标)的操作 - 失败。

生成失败。

“F:\glfw-3.3.2\build\CMakeFiles\3.19.1\CompilerIdC\CompilerIdC.vcxproj”(默认目标) (1) ->
(ClCompile 目标) -> 
  C:\Program Files (x86)\MSBuild\Microsoft.Cpp\v4.0\V140\Microsoft.CppCommon.targets(356,5): error MSB6006: “CL.exe”已退出，代码为 5。 [F:\glfw-3.3.2\build\CMakeFiles\3.19.1\CompilerIdC\CompilerIdC.vcxproj]

    0 个警告
    1 个错误

已用时间 00:00:00.27


Compiling the C compiler identification source file "CMakeCCompilerId.c" failed.
Compiler:  
Build flags: 
Id flags:  

The output was:
1
Microsoft (R) 生成引擎版本 14.0.25420.1
版权所有(C) Microsoft Corporation。保留所有权利。

生成启动时间为 2020/12/4 14:36:37。
节点 1 上的项目“F:\glfw-3.3.2\build\CMakeFiles\3.19.1\CompilerIdC\CompilerIdC.vcxproj”(默认目标)。
PrepareForBuild:
  正在创建目录“Debug\”。
  正在创建目录“Debug\CompilerIdC.tlog\”。
InitializeBuildStatus:
  正在创建“Debug\CompilerIdC.tlog\unsuccessfulbuild”，因为已指定“AlwaysCreate”。
ClCompile:
  CL.exe /c /nologo /W0 /WX- /Od /Oy- /D _MBCS /Gm- /EHsc /RTC1 /MDd /GS /fp:precise /Zc:wchar_t /Zc:forScope /Zc:inline /Fo"Debug\\" /Fd"Debug\vc140.pdb" /Gd /TC /analyze- /errorReport:queue CMakeCCompilerId.c
  TRACKER : 错误 TRK0005: 未能找到: “CL.exe”。系统找不到指定的文件。
  
  
C:\Program Files (x86)\MSBuild\Microsoft.Cpp\v4.0\V140\Microsoft.CppCommon.targets(356,5): error MSB6006: “CL.exe”已退出，代码为 5。 [F:\glfw-3.3.2\build\CMakeFiles\3.19.1\CompilerIdC\CompilerIdC.vcxproj]
已完成生成项目“F:\glfw-3.3.2\build\CMakeFiles\3.19.1\CompilerIdC\CompilerIdC.vcxproj”(默认目标)的操作 - 失败。

生成失败。

“F:\glfw-3.3.2\build\CMakeFiles\3.19.1\CompilerIdC\CompilerIdC.vcxproj”(默认目标) (1) ->
(ClCompile 目标) -> 
  C:\Program Files (x86)\MSBuild\Microsoft.Cpp\v4.0\V140\Microsoft.CppCommon.targets(356,5): error MSB6006: “CL.exe”已退出，代码为 5。 [F:\glfw-3.3.2\build\CMakeFiles\3.19.1\CompilerIdC\CompilerIdC.vcxproj]

    0 个警告
    1 个错误

已用时间 00:00:00.28


Compiling the C compiler identification source file "CMakeCCompilerId.c" failed.
Compiler:  
Build flags: 
Id flags:  

The output was:
1
Microsoft (R) 生成引擎版本 14.0.25420.1
版权所有(C) Microsoft Corporation。保留所有权利。

生成启动时间为 2020/12/4 14:36:50。
节点 1 上的项目“F:\glfw-3.3.2\build\CMakeFiles\3.19.1\CompilerIdC\CompilerIdC.vcxproj”(默认目标)。
PrepareForBuild:
  正在创建目录“Debug\”。
  正在创建目录“Debug\CompilerIdC.tlog\”。
InitializeBuildStatus:
  正在创建“Debug\CompilerIdC.tlog\unsuccessfulbuild”，因为已指定“AlwaysCreate”。
ClCompile:
  CL.exe /c /nologo /W0 /WX- /Od /Oy- /D _MBCS /Gm- /EHsc /RTC1 /MDd /GS /fp:precise /Zc:wchar_t /Zc:forScope /Zc:inline /Fo"Debug\\" /Fd"Debug\vc140.pdb" /Gd /TC /analyze- /errorReport:queue CMakeCCompilerId.c
  TRACKER : 错误 TRK0005: 未能找到: “CL.exe”。系统找不到指定的文件。
  
  
C:\Program Files (x86)\MSBuild\Microsoft.Cpp\v4.0\V140\Microsoft.CppCommon.targets(356,5): error MSB6006: “CL.exe”已退出，代码为 5。 [F:\glfw-3.3.2\build\CMakeFiles\3.19.1\CompilerIdC\CompilerIdC.vcxproj]
已完成生成项目“F:\glfw-3.3.2\build\CMakeFiles\3.19.1\CompilerIdC\CompilerIdC.vcxproj”(默认目标)的操作 - 失败。

生成失败。

“F:\glfw-3.3.2\build\CMakeFiles\3.19.1\CompilerIdC\CompilerIdC.vcxproj”(默认目标) (1) ->
(ClCompile 目标) -> 
  C:\Program Files (x86)\MSBuild\Microsoft.Cpp\v4.0\V140\Microsoft.CppCommon.targets(356,5): error MSB6006: “CL.exe”已退出，代码为 5。 [F:\glfw-3.3.2\build\CMakeFiles\3.19.1\CompilerIdC\CompilerIdC.vcxproj]

    0 个警告
    1 个错误

已用时间 00:00:00.26


Compiling the C compiler identification source file "CMakeCCompilerId.c" failed.
Compiler:  
Build flags: 
Id flags:  

The output was:
1
Microsoft (R) 生成引擎版本 14.0.25420.1
版权所有(C) Microsoft Corporation。保留所有权利。

生成启动时间为 2020/12/4 14:36:51。
节点 1 上的项目“F:\glfw-3.3.2\build\CMakeFiles\3.19.1\CompilerIdC\CompilerIdC.vcxproj”(默认目标)。
PrepareForBuild:
  正在创建目录“Debug\”。
  正在创建目录“Debug\CompilerIdC.tlog\”。
InitializeBuildStatus:
  正在创建“Debug\CompilerIdC.tlog\unsuccessfulbuild”，因为已指定“AlwaysCreate”。
ClCompile:
  CL.exe /c /nologo /W0 /WX- /Od /Oy- /D _MBCS /Gm- /EHsc /RTC1 /MDd /GS /fp:precise /Zc:wchar_t /Zc:forScope /Zc:inline /Fo"Debug\\" /Fd"Debug\vc140.pdb" /Gd /TC /analyze- /errorReport:queue CMakeCCompilerId.c
  TRACKER : 错误 TRK0005: 未能找到: “CL.exe”。系统找不到指定的文件。
  
  
C:\Program Files (x86)\MSBuild\Microsoft.Cpp\v4.0\V140\Microsoft.CppCommon.targets(356,5): error MSB6006: “CL.exe”已退出，代码为 5。 [F:\glfw-3.3.2\build\CMakeFiles\3.19.1\CompilerIdC\CompilerIdC.vcxproj]
已完成生成项目“F:\glfw-3.3.2\build\CMakeFiles\3.19.1\CompilerIdC\CompilerIdC.vcxproj”(默认目标)的操作 - 失败。

生成失败。

“F:\glfw-3.3.2\build\CMakeFiles\3.19.1\CompilerIdC\CompilerIdC.vcxproj”(默认目标) (1) ->
(ClCompile 目标) -> 
  C:\Program Files (x86)\MSBuild\Microsoft.Cpp\v4.0\V140\Microsoft.CppCommon.targets(356,5): error MSB6006: “CL.exe”已退出，代码为 5。 [F:\glfw-3.3.2\build\CMakeFiles\3.19.1\CompilerIdC\CompilerIdC.vcxproj]

    0 个警告
    1 个错误

已用时间 00:00:00.25


Compiling the C compiler identification source file "CMakeCCompilerId.c" failed.
Compiler:  
Build flags: 
Id flags:  

The output was:
1
Microsoft (R) 生成引擎版本 14.0.25420.1
版权所有(C) Microsoft Corporation。保留所有权利。

生成启动时间为 2020/12/4 14:37:31。
节点 1 上的项目“F:\glfw-3.3.2\build\CMakeFiles\3.19.1\CompilerIdC\CompilerIdC.vcxproj”(默认目标)。
PrepareForBuild:
  正在创建目录“Debug\”。
  正在创建目录“Debug\CompilerIdC.tlog\”。
InitializeBuildStatus:
  正在创建“Debug\CompilerIdC.tlog\unsuccessfulbuild”，因为已指定“AlwaysCreate”。
ClCompile:
  CL.exe /c /nologo /W0 /WX- /Od /Oy- /D _MBCS /Gm- /EHsc /RTC1 /MDd /GS /fp:precise /Zc:wchar_t /Zc:forScope /Zc:inline /Fo"Debug\\" /Fd"Debug\vc140.pdb" /Gd /TC /analyze- /errorReport:queue CMakeCCompilerId.c
  TRACKER : 错误 TRK0005: 未能找到: “CL.exe”。系统找不到指定的文件。
  
  
C:\Program Files (x86)\MSBuild\Microsoft.Cpp\v4.0\V140\Microsoft.CppCommon.targets(356,5): error MSB6006: “CL.exe”已退出，代码为 5。 [F:\glfw-3.3.2\build\CMakeFiles\3.19.1\CompilerIdC\CompilerIdC.vcxproj]
已完成生成项目“F:\glfw-3.3.2\build\CMakeFiles\3.19.1\CompilerIdC\CompilerIdC.vcxproj”(默认目标)的操作 - 失败。

生成失败。

“F:\glfw-3.3.2\build\CMakeFiles\3.19.1\CompilerIdC\CompilerIdC.vcxproj”(默认目标) (1) ->
(ClCompile 目标) -> 
  C:\Program Files (x86)\MSBuild\Microsoft.Cpp\v4.0\V140\Microsoft.CppCommon.targets(356,5): error MSB6006: “CL.exe”已退出，代码为 5。 [F:\glfw-3.3.2\build\CMakeFiles\3.19.1\CompilerIdC\CompilerIdC.vcxproj]

    0 个警告
    1 个错误

已用时间 00:00:00.26


Compiling the C compiler identification source file "CMakeCCompilerId.c" failed.
Compiler:  
Build flags: 
Id flags:  

The output was:
1
Microsoft (R) 生成引擎版本 14.0.25420.1
版权所有(C) Microsoft Corporation。保留所有权利。

生成启动时间为 2020/12/4 14:37:35。
节点 1 上的项目“F:\glfw-3.3.2\build\CMakeFiles\3.19.1\CompilerIdC\CompilerIdC.vcxproj”(默认目标)。
PrepareForBuild:
  正在创建目录“Debug\”。
  正在创建目录“Debug\CompilerIdC.tlog\”。
InitializeBuildStatus:
  正在创建“Debug\CompilerIdC.tlog\unsuccessfulbuild”，因为已指定“AlwaysCreate”。
ClCompile:
  CL.exe /c /nologo /W0 /WX- /Od /Oy- /D _MBCS /Gm- /EHsc /RTC1 /MDd /GS /fp:precise /Zc:wchar_t /Zc:forScope /Zc:inline /Fo"Debug\\" /Fd"Debug\vc140.pdb" /Gd /TC /analyze- /errorReport:queue CMakeCCompilerId.c
  TRACKER : 错误 TRK0005: 未能找到: “CL.exe”。系统找不到指定的文件。
  
  
C:\Program Files (x86)\MSBuild\Microsoft.Cpp\v4.0\V140\Microsoft.CppCommon.targets(356,5): error MSB6006: “CL.exe”已退出，代码为 5。 [F:\glfw-3.3.2\build\CMakeFiles\3.19.1\CompilerIdC\CompilerIdC.vcxproj]
已完成生成项目“F:\glfw-3.3.2\build\CMakeFiles\3.19.1\CompilerIdC\CompilerIdC.vcxproj”(默认目标)的操作 - 失败。

生成失败。

“F:\glfw-3.3.2\build\CMakeFiles\3.19.1\CompilerIdC\CompilerIdC.vcxproj”(默认目标) (1) ->
(ClCompile 目标) -> 
  C:\Program Files (x86)\MSBuild\Microsoft.Cpp\v4.0\V140\Microsoft.CppCommon.targets(356,5): error MSB6006: “CL.exe”已退出，代码为 5。 [F:\glfw-3.3.2\build\CMakeFiles\3.19.1\CompilerIdC\CompilerIdC.vcxproj]

    0 个警告
    1 个错误

已用时间 00:00:00.25


Compiling the C compiler identification source file "CMakeCCompilerId.c" failed.
Compiler:  
Build flags: 
Id flags:  

The output was:
1
Microsoft (R) 生成引擎版本 14.0.25420.1
版权所有(C) Microsoft Corporation。保留所有权利。

生成启动时间为 2020/12/4 14:37:35。
节点 1 上的项目“F:\glfw-3.3.2\build\CMakeFiles\3.19.1\CompilerIdC\CompilerIdC.vcxproj”(默认目标)。
PrepareForBuild:
  正在创建目录“Debug\”。
  正在创建目录“Debug\CompilerIdC.tlog\”。
InitializeBuildStatus:
  正在创建“Debug\CompilerIdC.tlog\unsuccessfulbuild”，因为已指定“AlwaysCreate”。
ClCompile:
  CL.exe /c /nologo /W0 /WX- /Od /Oy- /D _MBCS /Gm- /EHsc /RTC1 /MDd /GS /fp:precise /Zc:wchar_t /Zc:forScope /Zc:inline /Fo"Debug\\" /Fd"Debug\vc140.pdb" /Gd /TC /analyze- /errorReport:queue CMakeCCompilerId.c
  TRACKER : 错误 TRK0005: 未能找到: “CL.exe”。系统找不到指定的文件。
  
  
C:\Program Files (x86)\MSBuild\Microsoft.Cpp\v4.0\V140\Microsoft.CppCommon.targets(356,5): error MSB6006: “CL.exe”已退出，代码为 5。 [F:\glfw-3.3.2\build\CMakeFiles\3.19.1\CompilerIdC\CompilerIdC.vcxproj]
已完成生成项目“F:\glfw-3.3.2\build\CMakeFiles\3.19.1\CompilerIdC\CompilerIdC.vcxproj”(默认目标)的操作 - 失败。

生成失败。

“F:\glfw-3.3.2\build\CMakeFiles\3.19.1\CompilerIdC\CompilerIdC.vcxproj”(默认目标) (1) ->
(ClCompile 目标) -> 
  C:\Program Files (x86)\MSBuild\Microsoft.Cpp\v4.0\V140\Microsoft.CppCommon.targets(356,5): error MSB6006: “CL.exe”已退出，代码为 5。 [F:\glfw-3.3.2\build\CMakeFiles\3.19.1\CompilerIdC\CompilerIdC.vcxproj]

    0 个警告
    1 个错误

已用时间 00:00:00.26


Compiling the C compiler identification source file "CMakeCCompilerId.c" failed.
Compiler:  
Build flags: 
Id flags:  

The output was:
1
Microsoft (R) 生成引擎版本 14.0.25420.1
版权所有(C) Microsoft Corporation。保留所有权利。

生成启动时间为 2020/12/4 14:37:54。
节点 1 上的项目“F:\glfw-3.3.2\build\CMakeFiles\3.19.1\CompilerIdC\CompilerIdC.vcxproj”(默认目标)。
PrepareForBuild:
  正在创建目录“Debug\”。
  正在创建目录“Debug\CompilerIdC.tlog\”。
InitializeBuildStatus:
  正在创建“Debug\CompilerIdC.tlog\unsuccessfulbuild”，因为已指定“AlwaysCreate”。
ClCompile:
  CL.exe /c /nologo /W0 /WX- /Od /Oy- /D _MBCS /Gm- /EHsc /RTC1 /MDd /GS /fp:precise /Zc:wchar_t /Zc:forScope /Zc:inline /Fo"Debug\\" /Fd"Debug\vc140.pdb" /Gd /TC /analyze- /errorReport:queue CMakeCCompilerId.c
  TRACKER : 错误 TRK0005: 未能找到: “CL.exe”。系统找不到指定的文件。
  
  
C:\Program Files (x86)\MSBuild\Microsoft.Cpp\v4.0\V140\Microsoft.CppCommon.targets(356,5): error MSB6006: “CL.exe”已退出，代码为 5。 [F:\glfw-3.3.2\build\CMakeFiles\3.19.1\CompilerIdC\CompilerIdC.vcxproj]
已完成生成项目“F:\glfw-3.3.2\build\CMakeFiles\3.19.1\CompilerIdC\CompilerIdC.vcxproj”(默认目标)的操作 - 失败。

生成失败。

“F:\glfw-3.3.2\build\CMakeFiles\3.19.1\CompilerIdC\CompilerIdC.vcxproj”(默认目标) (1) ->
(ClCompile 目标) -> 
  C:\Program Files (x86)\MSBuild\Microsoft.Cpp\v4.0\V140\Microsoft.CppCommon.targets(356,5): error MSB6006: “CL.exe”已退出，代码为 5。 [F:\glfw-3.3.2\build\CMakeFiles\3.19.1\CompilerIdC\CompilerIdC.vcxproj]

    0 个警告
    1 个错误

已用时间 00:00:00.29


Compiling the C compiler identification source file "CMakeCCompilerId.c" failed.
Compiler:  
Build flags: 
Id flags:  

The output was:
1
Microsoft (R) 生成引擎版本 14.0.25420.1
版权所有(C) Microsoft Corporation。保留所有权利。

生成启动时间为 2020/12/4 14:37:54。
节点 1 上的项目“F:\glfw-3.3.2\build\CMakeFiles\3.19.1\CompilerIdC\CompilerIdC.vcxproj”(默认目标)。
PrepareForBuild:
  正在创建目录“Debug\”。
  正在创建目录“Debug\CompilerIdC.tlog\”。
InitializeBuildStatus:
  正在创建“Debug\CompilerIdC.tlog\unsuccessfulbuild”，因为已指定“AlwaysCreate”。
ClCompile:
  CL.exe /c /nologo /W0 /WX- /Od /Oy- /D _MBCS /Gm- /EHsc /RTC1 /MDd /GS /fp:precise /Zc:wchar_t /Zc:forScope /Zc:inline /Fo"Debug\\" /Fd"Debug\vc140.pdb" /Gd /TC /analyze- /errorReport:queue CMakeCCompilerId.c
  TRACKER : 错误 TRK0005: 未能找到: “CL.exe”。系统找不到指定的文件。
  
  
C:\Program Files (x86)\MSBuild\Microsoft.Cpp\v4.0\V140\Microsoft.CppCommon.targets(356,5): error MSB6006: “CL.exe”已退出，代码为 5。 [F:\glfw-3.3.2\build\CMakeFiles\3.19.1\CompilerIdC\CompilerIdC.vcxproj]
已完成生成项目“F:\glfw-3.3.2\build\CMakeFiles\3.19.1\CompilerIdC\CompilerIdC.vcxproj”(默认目标)的操作 - 失败。

生成失败。

“F:\glfw-3.3.2\build\CMakeFiles\3.19.1\CompilerIdC\CompilerIdC.vcxproj”(默认目标) (1) ->
(ClCompile 目标) -> 
  C:\Program Files (x86)\MSBuild\Microsoft.Cpp\v4.0\V140\Microsoft.CppCommon.targets(356,5): error MSB6006: “CL.exe”已退出，代码为 5。 [F:\glfw-3.3.2\build\CMakeFiles\3.19.1\CompilerIdC\CompilerIdC.vcxproj]

    0 个警告
    1 个错误

已用时间 00:00:00.26


Compiling the C compiler identification source file "CMakeCCompilerId.c" failed.
Compiler:  
Build flags: 
Id flags:  

The output was:
1
Microsoft (R) 生成引擎版本 14.0.25420.1
版权所有(C) Microsoft Corporation。保留所有权利。

生成启动时间为 2020/12/4 14:38:19。
节点 1 上的项目“F:\glfw-3.3.2\build\CMakeFiles\3.19.1\CompilerIdC\CompilerIdC.vcxproj”(默认目标)。
PrepareForBuild:
  正在创建目录“Debug\”。
  正在创建目录“Debug\CompilerIdC.tlog\”。
InitializeBuildStatus:
  正在创建“Debug\CompilerIdC.tlog\unsuccessfulbuild”，因为已指定“AlwaysCreate”。
ClCompile:
  CL.exe /c /nologo /W0 /WX- /Od /Oy- /D _MBCS /Gm- /EHsc /RTC1 /MDd /GS /fp:precise /Zc:wchar_t /Zc:forScope /Zc:inline /Fo"Debug\\" /Fd"Debug\vc140.pdb" /Gd /TC /analyze- /errorReport:queue CMakeCCompilerId.c
  TRACKER : 错误 TRK0005: 未能找到: “CL.exe”。系统找不到指定的文件。
  
  
C:\Program Files (x86)\MSBuild\Microsoft.Cpp\v4.0\V140\Microsoft.CppCommon.targets(356,5): error MSB6006: “CL.exe”已退出，代码为 5。 [F:\glfw-3.3.2\build\CMakeFiles\3.19.1\CompilerIdC\CompilerIdC.vcxproj]
已完成生成项目“F:\glfw-3.3.2\build\CMakeFiles\3.19.1\CompilerIdC\CompilerIdC.vcxproj”(默认目标)的操作 - 失败。

生成失败。

“F:\glfw-3.3.2\build\CMakeFiles\3.19.1\CompilerIdC\CompilerIdC.vcxproj”(默认目标) (1) ->
(ClCompile 目标) -> 
  C:\Program Files (x86)\MSBuild\Microsoft.Cpp\v4.0\V140\Microsoft.CppCommon.targets(356,5): error MSB6006: “CL.exe”已退出，代码为 5。 [F:\glfw-3.3.2\build\CMakeFiles\3.19.1\CompilerIdC\CompilerIdC.vcxproj]

    0 个警告
    1 个错误

已用时间 00:00:00.26


Compiling the C compiler identification source file "CMakeCCompilerId.c" failed.
Compiler:  
Build flags: 
Id flags:  

The output was:
1
Microsoft (R) 生成引擎版本 14.0.25420.1
版权所有(C) Microsoft Corporation。保留所有权利。

生成启动时间为 2020/12/4 14:38:20。
节点 1 上的项目“F:\glfw-3.3.2\build\CMakeFiles\3.19.1\CompilerIdC\CompilerIdC.vcxproj”(默认目标)。
PrepareForBuild:
  正在创建目录“Debug\”。
  正在创建目录“Debug\CompilerIdC.tlog\”。
InitializeBuildStatus:
  正在创建“Debug\CompilerIdC.tlog\unsuccessfulbuild”，因为已指定“AlwaysCreate”。
ClCompile:
  CL.exe /c /nologo /W0 /WX- /Od /Oy- /D _MBCS /Gm- /EHsc /RTC1 /MDd /GS /fp:precise /Zc:wchar_t /Zc:forScope /Zc:inline /Fo"Debug\\" /Fd"Debug\vc140.pdb" /Gd /TC /analyze- /errorReport:queue CMakeCCompilerId.c
  TRACKER : 错误 TRK0005: 未能找到: “CL.exe”。系统找不到指定的文件。
  
  
C:\Program Files (x86)\MSBuild\Microsoft.Cpp\v4.0\V140\Microsoft.CppCommon.targets(356,5): error MSB6006: “CL.exe”已退出，代码为 5。 [F:\glfw-3.3.2\build\CMakeFiles\3.19.1\CompilerIdC\CompilerIdC.vcxproj]
已完成生成项目“F:\glfw-3.3.2\build\CMakeFiles\3.19.1\CompilerIdC\CompilerIdC.vcxproj”(默认目标)的操作 - 失败。

生成失败。

“F:\glfw-3.3.2\build\CMakeFiles\3.19.1\CompilerIdC\CompilerIdC.vcxproj”(默认目标) (1) ->
(ClCompile 目标) -> 
  C:\Program Files (x86)\MSBuild\Microsoft.Cpp\v4.0\V140\Microsoft.CppCommon.targets(356,5): error MSB6006: “CL.exe”已退出，代码为 5。 [F:\glfw-3.3.2\build\CMakeFiles\3.19.1\CompilerIdC\CompilerIdC.vcxproj]

    0 个警告
    1 个错误

已用时间 00:00:00.25


Determining if the include file pthread.h exists failed with the following output:
Change Dir: F:/glfw-3.3.2/build/CMakeFiles/CMakeTmp

Run Build Command(s):C:/Program Files (x86)/MSBuild/14.0/bin/MSBuild.exe cmTC_c7e2f.vcxproj /p:Configuration=Debug /p:Platform=Win32 /p:VisualStudioVersion=14.0 /v:m && Microsoft (R) 生成引擎版本 14.0.25420.1
版权所有(C) Microsoft Corporation。保留所有权利。

  用于 x86 的 Microsoft (R) C/C++ 优化编译器 19.00.24215.1 版
  版权所有(C) Microsoft Corporation。保留所有权利。
  
  cl /c /Zi /W1 /WX- /Od /Ob0 /Oy- /D "CMAKE_INTDIR=\"Debug\"" /D _MBCS /Gm- /RTC1 /MDd /GS /fp:precise /Zc:wchar_t /Zc:forScope /Zc:inline /Fo"cmTC_c7e2f.dir\Debug\\" /Fd"cmTC_c7e2f.dir\Debug\vc140.pdb" /Gd /TC /analyze- /errorReport:queue "F:\glfw-3.3.2\build\CMakeFiles\CMakeTmp\CheckIncludeFile.c"
  
  CheckIncludeFile.c
F:\glfw-3.3.2\build\CMakeFiles\CMakeTmp\CheckIncludeFile.c(1): fatal error C1083: 无法打开包括文件: “pthread.h”: No such file or directory [F:\glfw-3.3.2\build\CMakeFiles\CMakeTmp\cmTC_c7e2f.vcxproj]



