The system is: Windows - 10.0.18363 - AMD64
Compiling the C compiler identification source file "CMakeCCompilerId.c" succeeded.
Compiler:  
Build flags: 
Id flags:  

The output was:
0
Microsoft (R) 生成引擎版本 14.0.25420.1
版权所有(C) Microsoft Corporation。保留所有权利。

生成启动时间为 2020/12/4 15:28:24。
节点 1 上的项目“F:\glfw-3.3.2\build\CMakeFiles\3.19.1\CompilerIdC\CompilerIdC.vcxproj”(默认目标)。
PrepareForBuild:
  正在创建目录“Debug\”。
  正在创建目录“Debug\CompilerIdC.tlog\”。
InitializeBuildStatus:
  正在创建“Debug\CompilerIdC.tlog\unsuccessfulbuild”，因为已指定“AlwaysCreate”。
ClCompile:
  F:\Microsoft Visual Studio 14.0\VC\bin\CL.exe /c /nologo /W0 /WX- /Od /Oy- /D _MBCS /Gm- /EHsc /RTC1 /MDd /GS /fp:precise /Zc:wchar_t /Zc:forScope /Zc:inline /Fo"Debug\\" /Fd"Debug\vc140.pdb" /Gd /TC /analyze- /errorReport:queue CMakeCCompilerId.c
  CMakeCCompilerId.c
Link:
  F:\Microsoft Visual Studio 14.0\VC\bin\link.exe /ERRORREPORT:QUEUE /OUT:".\CompilerIdC.exe" /INCREMENTAL:NO /NOLOGO kernel32.lib user32.lib gdi32.lib winspool.lib comdlg32.lib advapi32.lib shell32.lib ole32.lib oleaut32.lib uuid.lib odbc32.lib odbccp32.lib /MANIFEST /MANIFESTUAC:"level='asInvoker' uiAccess='false'" /manifest:embed /PDB:".\CompilerIdC.pdb" /SUBSYSTEM:CONSOLE /TLBID:1 /DYNAMICBASE /NXCOMPAT /IMPLIB:".\CompilerIdC.lib" /MACHINE:X86 /SAFESEH Debug\CMakeCCompilerId.obj
  CompilerIdC.vcxproj -> F:\glfw-3.3.2\build\CMakeFiles\3.19.1\CompilerIdC\.\CompilerIdC.exe
PostBuildEvent:
  for %%i in (cl.exe) do @echo CMAKE_C_COMPILER=%%~$PATH:i
  :VCEnd
  CMAKE_C_COMPILER=F:\Microsoft Visual Studio 14.0\VC\bin\cl.exe
FinalizeBuildStatus:
  正在删除文件“Debug\CompilerIdC.tlog\unsuccessfulbuild”。
  正在对“Debug\CompilerIdC.tlog\CompilerIdC.lastbuildstate”执行 Touch 任务。
已完成生成项目“F:\glfw-3.3.2\build\CMakeFiles\3.19.1\CompilerIdC\CompilerIdC.vcxproj”(默认目标)的操作。

已成功生成。
    0 个警告
    0 个错误

已用时间 00:00:01.75


Compilation of the C compiler identification source "CMakeCCompilerId.c" produced "CompilerIdC.exe"

Compilation of the C compiler identification source "CMakeCCompilerId.c" produced "CompilerIdC.vcxproj"

The C compiler identification is MSVC, found in "F:/glfw-3.3.2/build/CMakeFiles/3.19.1/CompilerIdC/CompilerIdC.exe"

Detecting C compiler ABI info compiled with the following output:
Change Dir: F:/glfw-3.3.2/build/CMakeFiles/CMakeTmp

Run Build Command(s):C:/Program Files (x86)/MSBuild/14.0/bin/MSBuild.exe cmTC_cbe6c.vcxproj /p:Configuration=Debug /p:Platform=Win32 /p:VisualStudioVersion=14.0 /v:m && Microsoft (R) 生成引擎版本 14.0.25420.1
版权所有(C) Microsoft Corporation。保留所有权利。

  用于 x86 的 Microsoft (R) C/C++ 优化编译器 19.00.24215.1 版
  版权所有(C) Microsoft Corporation。保留所有权利。
  
  cl /c /Zi /W1 /WX- /Od /Ob0 /Oy- /D "CMAKE_INTDIR=\"Debug\"" /D _MBCS /Gm- /RTC1 /MDd /GS /fp:precise /Zc:wchar_t /Zc:forScope /Zc:inline /Fo"cmTC_cbe6c.dir\Debug\\" /Fd"cmTC_cbe6c.dir\Debug\vc140.pdb" /Gd /TC /analyze- /errorReport:queue "F:\cmake-3.19.1-win32-x86\share\cmake-3.19\Modules\CMakeCCompilerABI.c"
  
  CMakeCCompilerABI.c
  cmTC_cbe6c.vcxproj -> F:\glfw-3.3.2\build\CMakeFiles\CMakeTmp\Debug\cmTC_cbe6c.exe
  cmTC_cbe6c.vcxproj -> F:/glfw-3.3.2/build/CMakeFiles/CMakeTmp/Debug/cmTC_cbe6c.pdb (Full PDB)



